<?xml version="1.0" encoding="UTF-8"?>
<!-- Generated by org.testng.reporters.JUnitReportReporter -->
<testsuite hostname="DESKTOP-R0GNJAC" failures="1" tests="6" name="parallel.ParallelRun" time="166.008" errors="0" timestamp="29 Dec 2020 19:21:20 GMT" skipped="0">
  <testcase classname="parallel.ParallelRun" name="runScenario" time="30.261"/>
  <testcase classname="parallel.ParallelRun" name="runScenario" time="28.475"/>
  <testcase classname="parallel.ParallelRun" name="runScenario" time="30.258"/>
  <testcase classname="parallel.ParallelRun" name="runScenario" time="25.708">
    <failure type="java.lang.AssertionError">
      <![CDATA[java.lang.AssertionError
at org.junit.Assert.fail(Assert.java:87)
at org.junit.Assert.assertTrue(Assert.java:42)
at org.junit.Assert.assertTrue(Assert.java:53)
at parallel.LoginPageSteps.page_title_should_be(LoginPageSteps.java:32)
at âœ½.page title should be "Login - My Store_"(file:///C:/Users/ASHUTOSH%20SINGH/eclipse-workspace-Java11/CucucmberPOMSeries/src/test/resources/parallel/LoginPage.feature:6)
]]>
    </failure>
  </testcase> <!-- runScenario -->
  <testcase classname="parallel.ParallelRun" name="runScenario" time="25.653"/>
  <testcase classname="parallel.ParallelRun" name="runScenario" time="25.653"/>
</testsuite> <!-- parallel.ParallelRun -->
